[2023-05-20T10:23:52.758Z] Scheduled https://www.google.com for 1m with * * * * *
[2023-05-20T10:23:52.772Z] Scheduled https://www.bing.com/ for 1m with * * * * *
[2023-05-20T10:23:52.773Z] Scheduled https://httpbin.org/status/500 for 1m with * * * * *
[2023-05-20T10:23:52.774Z] Scheduled https://httpbin.org/status/400 for 1m with * * * * *
[2023-05-20T10:24:00.787Z] Checking https://www.google.com for Title: Google
[2023-05-20T10:24:00.826Z] Checking https://www.bing.com/ for Title: Bing
[2023-05-20T10:24:00.829Z] Checking https://httpbin.org/status/500 for Title: HttpBin
[2023-05-20T10:24:00.832Z] Checking https://httpbin.org/status/400 for Title: HttpBin
[2023-05-20T10:24:00.903Z] Execution time for: https://www.google.com - 114 ms
[2023-05-20T10:24:00.904Z] StatusCode: 200, Message: OK
[2023-05-20T10:24:00.934Z] Title expected: Google, Title Received: Google
[2023-05-20T10:24:00.934Z] Congratulations! Title Matched
[2023-05-20T10:24:00.937Z] Execution time for: https://www.bing.com/ - 110 ms
[2023-05-20T10:24:00.937Z] StatusCode: 200, Message: OK
[2023-05-20T10:24:00.996Z] Title expected: Bing, Title Received: Bing
[2023-05-20T10:24:00.996Z] Congratulations! Title Matched
[2023-05-20T10:24:02.100Z] Execution time for: https://httpbin.org/status/500 - 1270 ms
[2023-05-20T10:24:02.100Z] StatusCode: 500, Message: Request failed with status code 500
[2023-05-20T10:24:02.100Z] Website returned an error status code or did not returned valid HTML data so skipping title checks
[2023-05-20T10:24:03.712Z] Execution time for: https://httpbin.org/status/400 - 2880 ms
[2023-05-20T10:24:03.712Z] StatusCode: 400, Message: Request failed with status code 400
[2023-05-20T10:24:03.712Z] Website returned an error status code or did not returned valid HTML data so skipping title checks
